# JRE version: OpenJDK Runtime Environment (21.0.2+13) (build 21.0.2+13-58)
# Java VM: OpenJDK 64-Bit Server VM (21.0.2+13-58, mixed mode, emulated-client, sharing, tiered, compressed oops, compressed class ptrs, g1 gc, windows-amd64)
GC Precious Log:
 CardTable entry size: 512
 Card Set container configuration: InlinePtr #cards 4 size 8 Array Of Cards #cards 16 size 48 Howl #buckets 8 coarsen threshold 3686 Howl Bitmap #cards 512 size 80 coarsen threshold 460 Card regions per heap region 1 cards per card region 4096
 CPUs: 8 total, 8 available
 Memory: 16013M
 Large Page Support: Disabled
 NUMA Support: Disabled
 Compressed Oops: Enabled (Zero based)
 Heap Region Size: 2M
 Heap Min Capacity: 8M
 Heap Initial Capacity: 252M
 Heap Max Capacity: 4004M
 Pre-touch: Disabled
 Parallel Workers: 8
 Concurrent Workers: 2
 Concurrent Refinement Workers: 8
 Periodic GC: Disabled
Heap:
 garbage-first heap   total 55296K, used 36941K [0x0000000705c00000, 0x0000000800000000)
  region size 2048K, 12 young (24576K), 2 survivors (4096K)
 Metaspace       used 31160K, committed 31680K, reserved 1114112K
  class space    used 4181K, committed 4416K, reserved 1048576K
GC Heap History (12 events):
Event: 0.795 GC heap before
{Heap before GC invocations=0 (full 0):
 garbage-first heap   total 258048K, used 22528K [0x0000000705c00000, 0x0000000800000000)
  region size 2048K, 11 young (22528K), 0 survivors (0K)
 Metaspace       used 6080K, committed 6336K, reserved 1114112K
  class space    used 706K, committed 832K, reserved 1048576K
}
Event: 0.802 GC heap after
{Heap after GC invocations=1 (full 0):
 garbage-first heap   total 258048K, used 7285K [0x0000000705c00000, 0x0000000800000000)
  region size 2048K, 2 young (4096K), 2 survivors (4096K)
 Metaspace       used 6080K, committed 6336K, reserved 1114112K
  class space    used 706K, committed 832K, reserved 1048576K
}
Event: 1.427 GC heap before
{Heap before GC invocations=1 (full 0):
 garbage-first heap   total 258048K, used 29813K [0x0000000705c00000, 0x0000000800000000)
  region size 2048K, 14 young (28672K), 2 survivors (4096K)
 Metaspace       used 11466K, committed 11840K, reserved 1114112K
  class space    used 1508K, committed 1728K, reserved 1048576K
}
Event: 1.433 GC heap after
{Heap after GC invocations=2 (full 0):
 garbage-first heap   total 258048K, used 10211K [0x0000000705c00000, 0x0000000800000000)
  region size 2048K, 2 young (4096K), 2 survivors (4096K)
 Metaspace       used 11466K, committed 11840K, reserved 1114112K
  class space    used 1508K, committed 1728K, reserved 1048576K
}
Event: 4.652 GC heap before
{Heap before GC invocations=2 (full 0):
 garbage-first heap   total 258048K, used 55267K [0x0000000705c00000, 0x0000000800000000)
  region size 2048K, 25 young (51200K), 2 survivors (4096K)
 Metaspace       used 21164K, committed 21504K, reserved 1114112K
  class space    used 2759K, committed 2880K, reserved 1048576K
}
Event: 4.659 GC heap after
{Heap after GC invocations=3 (full 0):
 garbage-first heap   total 258048K, used 13232K [0x0000000705c00000, 0x0000000800000000)
  region size 2048K, 3 young (6144K), 3 survivors (6144K)
 Metaspace       used 21164K, committed 21504K, reserved 1114112K
  class space    used 2759K, committed 2880K, reserved 1048576K
}
Event: 5.235 GC heap before
{Heap before GC invocations=4 (full 0):
 garbage-first heap   total 55296K, used 37808K [0x0000000705c00000, 0x0000000800000000)
  region size 2048K, 16 young (32768K), 3 survivors (6144K)
 Metaspace       used 24007K, committed 24448K, reserved 1114112K
  class space    used 3128K, committed 3328K, reserved 1048576K
}
Event: 5.243 GC heap after
{Heap after GC invocations=5 (full 0):
 garbage-first heap   total 55296K, used 15829K [0x0000000705c00000, 0x0000000800000000)
  region size 2048K, 2 young (4096K), 2 survivors (4096K)
 Metaspace       used 24007K, committed 24448K, reserved 1114112K
  class space    used 3128K, committed 3328K, reserved 1048576K
}
Event: 6.788 GC heap before
{Heap before GC invocations=5 (full 0):
 garbage-first heap   total 55296K, used 38357K [0x0000000705c00000, 0x0000000800000000)
  region size 2048K, 13 young (26624K), 2 survivors (4096K)
 Metaspace       used 25537K, committed 25984K, reserved 1114112K
  class space    used 3351K, committed 3584K, reserved 1048576K
}
Event: 6.802 GC heap after
{Heap after GC invocations=6 (full 0):
 garbage-first heap   total 55296K, used 17249K [0x0000000705c00000, 0x0000000800000000)
  region size 2048K, 2 young (4096K), 2 survivors (4096K)
 Metaspace       used 25537K, committed 25984K, reserved 1114112K
  class space    used 3351K, committed 3584K, reserved 1048576K
}
Event: 7.593 GC heap before
{Heap before GC invocations=6 (full 0):
 garbage-first heap   total 55296K, used 37729K [0x0000000705c00000, 0x0000000800000000)
  region size 2048K, 13 young (26624K), 2 survivors (4096K)
 Metaspace       used 27820K, committed 28288K, reserved 1114112K
  class space    used 3719K, committed 3968K, reserved 1048576K
}
Event: 7.602 GC heap after
{Heap after GC invocations=7 (full 0):
 garbage-first heap   total 55296K, used 18509K [0x0000000705c00000, 0x0000000800000000)
  region size 2048K, 2 young (4096K), 2 survivors (4096K)
 Metaspace       used 27820K, committed 28288K, reserved 1114112K
  class space    used 3719K, committed 3968K, reserved 1048576K
}

